<?xml version="1.0" encoding="UTF-8"?>
<testsuite name="com.liang.spring.boot.child.ApplicationTests" tests="1" skipped="0" failures="0" errors="0" timestamp="2019-09-15T12:04:11" hostname="kangping" time="0.03">
  <properties/>
  <testcase name="contextLoads" classname="com.liang.spring.boot.child.ApplicationTests" time="0.03"/>
  <system-out><![CDATA[20:04:05.564 [Test worker] DEBUG org.springframework.test.context.junit4.SpringJUnit4ClassRunner - SpringJUnit4ClassRunner constructor called with [class com.liang.spring.boot.child.ApplicationTests]
20:04:05.569 [Test worker] DEBUG org.springframework.test.context.BootstrapUtils - Instantiating CacheAwareContextLoaderDelegate from class [org.springframework.test.context.cache.DefaultCacheAwareContextLoaderDelegate]
20:04:05.577 [Test worker] DEBUG org.springframework.test.context.BootstrapUtils - Instantiating BootstrapContext using constructor [public org.springframework.test.context.support.DefaultBootstrapContext(java.lang.Class,org.springframework.test.context.CacheAwareContextLoaderDelegate)]
20:04:05.593 [Test worker] DEBUG org.springframework.test.context.BootstrapUtils - Instantiating TestContextBootstrapper for test class [com.liang.spring.boot.child.ApplicationTests] from class [org.springframework.boot.test.context.SpringBootTestContextBootstrapper]
20:04:05.607 [Test worker] INFO org.springframework.boot.test.context.SpringBootTestContextBootstrapper - Neither @ContextConfiguration nor @ContextHierarchy found for test class [com.liang.spring.boot.child.ApplicationTests], using SpringBootContextLoader
20:04:05.612 [Test worker] DEBUG org.springframework.test.context.support.AbstractContextLoader - Did not detect default resource location for test class [com.liang.spring.boot.child.ApplicationTests]: class path resource [com/liang/spring/boot/child/ApplicationTests-context.xml] does not exist
20:04:05.613 [Test worker] DEBUG org.springframework.test.context.support.AbstractContextLoader - Did not detect default resource location for test class [com.liang.spring.boot.child.ApplicationTests]: class path resource [com/liang/spring/boot/child/ApplicationTestsContext.groovy] does not exist
20:04:05.613 [Test worker] INFO org.springframework.test.context.support.AbstractContextLoader - Could not detect default resource locations for test class [com.liang.spring.boot.child.ApplicationTests]: no resource found for suffixes {-context.xml, Context.groovy}.
20:04:05.614 [Test worker] INFO org.springframework.test.context.support.AnnotationConfigContextLoaderUtils - Could not detect default configuration classes for test class [com.liang.spring.boot.child.ApplicationTests]: ApplicationTests does not declare any static, non-private, non-final, nested classes annotated with @Configuration.
20:04:05.659 [Test worker] DEBUG org.springframework.test.context.support.ActiveProfilesUtils - Could not find an 'annotation declaring class' for annotation type [org.springframework.test.context.ActiveProfiles] and class [com.liang.spring.boot.child.ApplicationTests]
20:04:05.669 [Test worker] DEBUG org.springframework.core.env.StandardEnvironment - Adding [systemProperties] PropertySource with lowest search precedence
20:04:05.669 [Test worker] DEBUG org.springframework.core.env.StandardEnvironment - Adding [systemEnvironment] PropertySource with lowest search precedence
20:04:05.670 [Test worker] DEBUG org.springframework.core.env.StandardEnvironment - Initialized StandardEnvironment with PropertySources [systemProperties,systemEnvironment]
20:04:05.683 [Test worker] DEBUG org.springframework.core.io.support.PathMatchingResourcePatternResolver - Resolved classpath location [com/liang/spring/boot/child/] to resources [URL [file:/E:/liang_developer/git-repository/kangping-child-interface/build/classes/test/com/liang/spring/boot/child/], URL [file:/E:/liang_developer/git-repository/kangping-child-interface/build/classes/main/com/liang/spring/boot/child/]]
20:04:05.683 [Test worker] DEBUG org.springframework.core.io.support.PathMatchingResourcePatternResolver - Looking for matching resources in directory tree [E:\liang_developer\git-repository\kangping-child-interface\build\classes\test\com\liang\spring\boot\child]
20:04:05.684 [Test worker] DEBUG org.springframework.core.io.support.PathMatchingResourcePatternResolver - Searching directory [E:\liang_developer\git-repository\kangping-child-interface\build\classes\test\com\liang\spring\boot\child] for files matching pattern [E:/liang_developer/git-repository/kangping-child-interface/build/classes/test/com/liang/spring/boot/child/*.class]
20:04:05.687 [Test worker] DEBUG org.springframework.core.io.support.PathMatchingResourcePatternResolver - Looking for matching resources in directory tree [E:\liang_developer\git-repository\kangping-child-interface\build\classes\main\com\liang\spring\boot\child]
20:04:05.687 [Test worker] DEBUG org.springframework.core.io.support.PathMatchingResourcePatternResolver - Searching directory [E:\liang_developer\git-repository\kangping-child-interface\build\classes\main\com\liang\spring\boot\child] for files matching pattern [E:/liang_developer/git-repository/kangping-child-interface/build/classes/main/com/liang/spring/boot/child/*.class]
20:04:05.689 [Test worker] DEBUG org.springframework.core.io.support.PathMatchingResourcePatternResolver - Resolved location pattern [classpath*:com/liang/spring/boot/child/*.class] to resources [file [E:\liang_developer\git-repository\kangping-child-interface\build\classes\test\com\liang\spring\boot\child\ApplicationTests.class], file [E:\liang_developer\git-repository\kangping-child-interface\build\classes\main\com\liang\spring\boot\child\Application.class]]
20:04:05.744 [Test worker] DEBUG org.springframework.context.annotation.ClassPathScanningCandidateComponentProvider - Identified candidate component class: file [E:\liang_developer\git-repository\kangping-child-interface\build\classes\main\com\liang\spring\boot\child\Application.class]
20:04:05.747 [Test worker] INFO org.springframework.boot.test.context.SpringBootTestContextBootstrapper - Found @SpringBootConfiguration com.liang.spring.boot.child.Application for test class com.liang.spring.boot.child.ApplicationTests
20:04:05.750 [Test worker] DEBUG org.springframework.boot.test.context.SpringBootTestContextBootstrapper - @TestExecutionListeners is not present for class [com.liang.spring.boot.child.ApplicationTests]: using defaults.
20:04:05.756 [Test worker] INFO org.springframework.boot.test.context.SpringBootTestContextBootstrapper - Loaded default TestExecutionListener class names from location [META-INF/spring.factories]: [org.springframework.boot.test.mock.mockito.MockitoTestExecutionListener, org.springframework.boot.test.mock.mockito.ResetMocksTestExecutionListener, org.springframework.boot.test.autoconfigure.restdocs.RestDocsTestExecutionListener, org.springframework.boot.test.autoconfigure.web.client.MockRestServiceServerResetTestExecutionListener, org.springframework.boot.test.autoconfigure.web.servlet.MockMvcPrintOnlyOnFailureTestExecutionListener, org.springframework.boot.test.autoconfigure.web.servlet.WebDriverTestExecutionListener, org.springframework.test.context.web.ServletTestExecutionListener, org.springframework.test.context.support.DirtiesContextBeforeModesTestExecutionListener, org.springframework.test.context.support.DependencyInjectionTestExecutionListener, org.springframework.test.context.support.DirtiesContextTestExecutionListener, org.springframework.test.context.transaction.TransactionalTestExecutionListener, org.springframework.test.context.jdbc.SqlScriptsTestExecutionListener]
20:04:05.778 [Test worker] INFO org.springframework.boot.test.context.SpringBootTestContextBootstrapper - Using TestExecutionListeners: [org.springframework.test.context.web.ServletTestExecutionListener@6c451779, org.springframework.test.context.support.DirtiesContextBeforeModesTestExecutionListener@28c82ab6, org.springframework.boot.test.autoconfigure.SpringBootDependencyInjectionTestExecutionListener@5e6e5266, org.springframework.test.context.support.DirtiesContextTestExecutionListener@726421e9, org.springframework.test.context.transaction.TransactionalTestExecutionListener@36de1e03, org.springframework.test.context.jdbc.SqlScriptsTestExecutionListener@5faa0ff4, org.springframework.boot.test.autoconfigure.web.servlet.MockMvcPrintOnlyOnFailureTestExecutionListener@737b9b05, org.springframework.boot.test.mock.mockito.ResetMocksTestExecutionListener@20c397ea, org.springframework.boot.test.autoconfigure.web.client.MockRestServiceServerResetTestExecutionListener@66ababf7, org.springframework.boot.test.mock.mockito.MockitoTestExecutionListener@6971cd79, org.springframework.boot.test.autoconfigure.web.servlet.WebDriverTestExecutionListener@467dc0e1, org.springframework.boot.test.autoconfigure.restdocs.RestDocsTestExecutionListener@7abd7303]
20:04:05.780 [Test worker] DEBUG org.springframework.test.annotation.ProfileValueUtils - Retrieved @ProfileValueSourceConfiguration [null] for test class [com.liang.spring.boot.child.ApplicationTests]
20:04:05.780 [Test worker] DEBUG org.springframework.test.annotation.ProfileValueUtils - Retrieved ProfileValueSource type [class org.springframework.test.annotation.SystemProfileValueSource] for class [com.liang.spring.boot.child.ApplicationTests]
20:04:05.781 [Test worker] DEBUG org.springframework.test.annotation.ProfileValueUtils - Retrieved @ProfileValueSourceConfiguration [null] for test class [com.liang.spring.boot.child.ApplicationTests]
20:04:05.781 [Test worker] DEBUG org.springframework.test.annotation.ProfileValueUtils - Retrieved ProfileValueSource type [class org.springframework.test.annotation.SystemProfileValueSource] for class [com.liang.spring.boot.child.ApplicationTests]
20:04:05.785 [Test worker] DEBUG org.springframework.test.context.support.AbstractDirtiesContextTestExecutionListener - Before test class: context [DefaultTestContext@6869494f testClass = ApplicationTests, testInstance = [null], testMethod = [null], testException = [null], mergedContextConfiguration = [WebMergedContextConfiguration@37cffb3b testClass = ApplicationTests, locations = '{}', classes = '{class com.liang.spring.boot.child.Application}', contextInitializerClasses = '[]', activeProfiles = '{}', propertySourceLocations = '{}', propertySourceProperties = '{org.springframework.boot.test.context.SpringBootTestContextBootstrapper=true}', contextCustomizers = set[org.springframework.boot.test.context.SpringBootTestContextCustomizer@4975c558, org.springframework.boot.test.context.filter.ExcludeFilterContextCustomizer@699e0058, org.springframework.boot.test.mock.mockito.MockitoContextCustomizer@0, org.springframework.boot.test.autoconfigure.properties.PropertyMappingContextCustomizer@0, org.springframework.boot.test.autoconfigure.web.servlet.WebDriverContextCustomizerFactory$Customizer@5409e8fd], resourceBasePath = 'src/main/webapp', contextLoader = 'org.springframework.boot.test.context.SpringBootContextLoader', parent = [null]]], class annotated with @DirtiesContext [false] with mode [null].
20:04:05.785 [Test worker] DEBUG org.springframework.test.annotation.ProfileValueUtils - Retrieved @ProfileValueSourceConfiguration [null] for test class [com.liang.spring.boot.child.ApplicationTests]
20:04:05.785 [Test worker] DEBUG org.springframework.test.annotation.ProfileValueUtils - Retrieved ProfileValueSource type [class org.springframework.test.annotation.SystemProfileValueSource] for class [com.liang.spring.boot.child.ApplicationTests]
20:04:05.839 [Test worker] DEBUG org.springframework.core.env.StandardEnvironment - Adding [systemProperties] PropertySource with lowest search precedence
20:04:05.839 [Test worker] DEBUG org.springframework.core.env.StandardEnvironment - Adding [systemEnvironment] PropertySource with lowest search precedence
20:04:05.839 [Test worker] DEBUG org.springframework.core.env.StandardEnvironment - Initialized StandardEnvironment with PropertySources [systemProperties,systemEnvironment]
20:04:05.840 [Test worker] DEBUG org.springframework.core.env.MutablePropertySources - Adding [inline] PropertySource with highest search precedence
20:04:05.851 [Test worker] DEBUG org.springframework.test.context.support.TestPropertySourceUtils - Adding inlined properties to environment: {spring.jmx.enabled=false, org.springframework.boot.test.context.SpringBootTestContextBootstrapper=true, server.port=-1}
20:04:05.851 [Test worker] DEBUG org.springframework.core.env.StandardEnvironment - Adding [Inlined Test Properties] PropertySource with highest search precedence

                             _ooOoo_
                            o8888888o
                            88" . "88
                            (| -_- |)
                            O\  =  /O
                         ____/`---'\____
                       .'  \\|     |//  `.
                      /  \\|||  :  |||//  \
                     /  _||||| -:- |||||-  \
                     |   | \\\  -  /// |   |
                     | \_|  ''\---/''  |   |
                     \  .-\__  `-`  ___/-. /
                   ___`. .'  /--.--\  `. . __
                ."" '<  `.___\_<|>_/___.'  >'"".
               | | :  `- \`.;`\ _ /`;.`/ - ` : | |
                \  \ `-.   \_ __\ /__ _/   .-` /  /
          ======`-.____`-.___\_____/___.-`____.-'======
                             `=---='
          ^^^^^^^^^^^^^^^^^^^^^^^^^^^^^^^^^^^^^^^^^^^^^
                     佛祖保佑        永无BUG
            佛曰:
                   写字楼里写字间，写字间里程序员；
                   程序人员写程序，又拿程序换酒钱。
                   酒醒只在网上坐，酒醉还来网下眠；
                   酒醉酒醒日复日，网上网下年复年。
                   但愿老死电脑间，不愿鞠躬老板前；
                   奔驰宝马贵者趣，公交自行程序员。
                   别人笑我忒疯癫，我笑自己命太贱；
                   不见满街漂亮妹，哪个归得程序员？

2019-09-15 20:04:06.124  INFO 25244 --- [    Test worker] c.l.spring.boot.child.ApplicationTests   : Starting ApplicationTests on kangping with PID 25244 (started by Administrator in E:\liang_developer\git-repository\kangping-child-interface)
2019-09-15 20:04:06.126  INFO 25244 --- [    Test worker] c.l.spring.boot.child.ApplicationTests   : No active profile set, falling back to default profiles: default
2019-09-15 20:04:06.351  INFO 25244 --- [    Test worker] o.s.w.c.s.GenericWebApplicationContext   : Refreshing org.springframework.web.context.support.GenericWebApplicationContext@1f119ce3: startup date [Sun Sep 15 20:04:06 CST 2019]; root of context hierarchy
2019-09-15 20:04:07.147  WARN 25244 --- [    Test worker] o.m.s.mapper.ClassPathMapperScanner      : No MyBatis mapper was found in '[com.liang.spring.boot.child]' package. Please check your configuration.
2019-09-15 20:04:07.758  INFO 25244 --- [    Test worker] trationDelegate$BeanPostProcessorChecker : Bean 'org.springframework.transaction.annotation.ProxyTransactionManagementConfiguration' of type [org.springframework.transaction.annotation.ProxyTransactionManagementConfiguration$$EnhancerBySpringCGLIB$$2461fc9e] is not eligible for getting processed by all BeanPostProcessors (for example: not eligible for auto-proxying)
2019-09-15 20:04:08.317  INFO 25244 --- [    Test worker] j.LocalContainerEntityManagerFactoryBean : Building JPA container EntityManagerFactory for persistence unit 'default'
2019-09-15 20:04:08.426  INFO 25244 --- [    Test worker] o.hibernate.jpa.internal.util.LogHelper  : HHH000204: Processing PersistenceUnitInfo [
	name: default
	...]
2019-09-15 20:04:08.510  INFO 25244 --- [    Test worker] org.hibernate.Version                    : HHH000412: Hibernate Core {5.2.8.Final}
2019-09-15 20:04:08.511  INFO 25244 --- [    Test worker] org.hibernate.cfg.Environment            : HHH000206: hibernate.properties not found
2019-09-15 20:04:08.559  INFO 25244 --- [    Test worker] o.hibernate.annotations.common.Version   : HCANN000001: Hibernate Commons Annotations {5.0.1.Final}
2019-09-15 20:04:08.699  INFO 25244 --- [    Test worker] org.hibernate.dialect.Dialect            : HHH000400: Using dialect: org.hibernate.dialect.MySQL5Dialect
2019-09-15 20:04:09.590  INFO 25244 --- [    Test worker] j.LocalContainerEntityManagerFactoryBean : Initialized JPA EntityManagerFactory for persistence unit 'default'
2019-09-15 20:04:10.075  INFO 25244 --- [    Test worker] o.s.w.s.v.f.FreeMarkerConfigurer         : ClassTemplateLoader for Spring macros added to FreeMarker configuration
2019-09-15 20:04:10.600  INFO 25244 --- [    Test worker] s.w.s.m.m.a.RequestMappingHandlerAdapter : Looking for @ControllerAdvice: org.springframework.web.context.support.GenericWebApplicationContext@1f119ce3: startup date [Sun Sep 15 20:04:06 CST 2019]; root of context hierarchy
2019-09-15 20:04:10.680  INFO 25244 --- [    Test worker] s.w.s.m.m.a.RequestMappingHandlerMapping : Mapped "{[/allergiesAndIntolerances],methods=[POST]}" onto public com.liang.spring.boot.child.domain.ResultMsg<com.liang.spring.boot.child.domain.AllergiesAndIntolerances> com.liang.spring.boot.child.controller.AllergiesAndIntolerancesController.allergiesAndIntolerancesAdd(com.liang.spring.boot.child.domain.AllergiesAndIntolerances)
2019-09-15 20:04:10.681  INFO 25244 --- [    Test worker] s.w.s.m.m.a.RequestMappingHandlerMapping : Mapped "{[/allergiesAndIntolerances/form],methods=[GET]}" onto public com.liang.spring.boot.child.domain.ResultMsg com.liang.spring.boot.child.controller.AllergiesAndIntolerancesController.AllergiesAndIntolerancesList()
2019-09-15 20:04:10.682  INFO 25244 --- [    Test worker] s.w.s.m.m.a.RequestMappingHandlerMapping : Mapped "{[/allergiesAndIntolerances/delete],methods=[GET]}" onto public com.liang.spring.boot.child.domain.ResultMsg com.liang.spring.boot.child.controller.AllergiesAndIntolerancesController.deleteAllergiesAndIntolerances(com.liang.spring.boot.child.domain.PeopleKey)
2019-09-15 20:04:10.682  INFO 25244 --- [    Test worker] s.w.s.m.m.a.RequestMappingHandlerMapping : Mapped "{[/allergiesAndIntolerances/modify],methods=[POST]}" onto public com.liang.spring.boot.child.domain.ResultMsg com.liang.spring.boot.child.controller.AllergiesAndIntolerancesController.modifyAllergiesAndIntolerances(com.liang.spring.boot.child.domain.AllergiesAndIntolerances)
2019-09-15 20:04:10.682  INFO 25244 --- [    Test worker] s.w.s.m.m.a.RequestMappingHandlerMapping : Mapped "{[/allergiesAndIntolerances/search],methods=[GET]}" onto public com.liang.spring.boot.child.domain.ResultMsg com.liang.spring.boot.child.controller.AllergiesAndIntolerancesController.getListById(com.liang.spring.boot.child.domain.PeopleKey) throws java.lang.Exception
2019-09-15 20:04:10.684  INFO 25244 --- [    Test worker] s.w.s.m.m.a.RequestMappingHandlerMapping : Mapped "{[/allergiesAndIntolerances_/delete],methods=[GET]}" onto public org.springframework.web.servlet.ModelAndView com.liang.spring.boot.child.controller.AllergiesAndIntolerancesController_ModelAndView.delete(com.liang.spring.boot.child.domain.PeopleKey)
2019-09-15 20:04:10.684  INFO 25244 --- [    Test worker] s.w.s.m.m.a.RequestMappingHandlerMapping : Mapped "{[/allergiesAndIntolerances_],methods=[POST]}" onto public org.springframework.web.servlet.ModelAndView com.liang.spring.boot.child.controller.AllergiesAndIntolerancesController_ModelAndView.create(com.liang.spring.boot.child.domain.AllergiesAndIntolerances)
2019-09-15 20:04:10.684  INFO 25244 --- [    Test worker] s.w.s.m.m.a.RequestMappingHandlerMapping : Mapped "{[/allergiesAndIntolerances_],methods=[GET]}" onto public org.springframework.web.servlet.ModelAndView com.liang.spring.boot.child.controller.AllergiesAndIntolerancesController_ModelAndView.list(org.springframework.ui.Model)
2019-09-15 20:04:10.684  INFO 25244 --- [    Test worker] s.w.s.m.m.a.RequestMappingHandlerMapping : Mapped "{[/allergiesAndIntolerances_/{id}],methods=[GET]}" onto public org.springframework.web.servlet.ModelAndView com.liang.spring.boot.child.controller.AllergiesAndIntolerancesController_ModelAndView.view(com.liang.spring.boot.child.domain.PeopleKey)
2019-09-15 20:04:10.685  INFO 25244 --- [    Test worker] s.w.s.m.m.a.RequestMappingHandlerMapping : Mapped "{[/allergiesAndIntolerances_/form],methods=[GET]}" onto public org.springframework.web.servlet.ModelAndView com.liang.spring.boot.child.controller.AllergiesAndIntolerancesController_ModelAndView.createForm(org.springframework.ui.Model)
2019-09-15 20:04:10.686  INFO 25244 --- [    Test worker] s.w.s.m.m.a.RequestMappingHandlerMapping : Mapped "{[/bodyCompositionTest/search],methods=[GET]}" onto public com.liang.spring.boot.child.domain.ResultMsg com.liang.spring.boot.child.controller.BodyCompositionTestController.findBodyCompositionTestById(com.liang.spring.boot.child.domain.PeopleKey)
2019-09-15 20:04:10.686  INFO 25244 --- [    Test worker] s.w.s.m.m.a.RequestMappingHandlerMapping : Mapped "{[/bodyCompositionTest],methods=[POST]}" onto public com.liang.spring.boot.child.domain.ResultMsg com.liang.spring.boot.child.controller.BodyCompositionTestController.saveBodyCompositionTest(com.liang.spring.boot.child.domain.BodyCompositionTest)
2019-09-15 20:04:10.688  INFO 25244 --- [    Test worker] s.w.s.m.m.a.RequestMappingHandlerMapping : Mapped "{[/dietarySurvey/modify],methods=[GET]}" onto public com.liang.spring.boot.child.domain.ResultMsg com.liang.spring.boot.child.controller.DietarySurveyController.modifyDietarySurvey(com.liang.spring.boot.child.domain.PeopleKey)
2019-09-15 20:04:10.688  INFO 25244 --- [    Test worker] s.w.s.m.m.a.RequestMappingHandlerMapping : Mapped "{[/dietarySurvey/form],methods=[GET]}" onto public com.liang.spring.boot.child.domain.ResultMsg com.liang.spring.boot.child.controller.DietarySurveyController.DietarySurveyList()
2019-09-15 20:04:10.688  INFO 25244 --- [    Test worker] s.w.s.m.m.a.RequestMappingHandlerMapping : Mapped "{[/dietarySurvey/delete],methods=[GET]}" onto public com.liang.spring.boot.child.domain.ResultMsg com.liang.spring.boot.child.controller.DietarySurveyController.deleteDietarySurvey(com.liang.spring.boot.child.domain.PeopleKey)
2019-09-15 20:04:10.689  INFO 25244 --- [    Test worker] s.w.s.m.m.a.RequestMappingHandlerMapping : Mapped "{[/dietarySurvey],methods=[POST]}" onto public com.liang.spring.boot.child.domain.ResultMsg<com.liang.spring.boot.child.domain.DietarySurvey> com.liang.spring.boot.child.controller.DietarySurveyController.dietarySurveyAdd(com.liang.spring.boot.child.domain.DietarySurvey)
2019-09-15 20:04:10.689  INFO 25244 --- [    Test worker] s.w.s.m.m.a.RequestMappingHandlerMapping : Mapped "{[/dietarySurvey/search],methods=[GET]}" onto public com.liang.spring.boot.child.domain.ResultMsg com.liang.spring.boot.child.controller.DietarySurveyController.getListById(com.liang.spring.boot.child.domain.PeopleKey)
2019-09-15 20:04:10.690  INFO 25244 --- [    Test worker] s.w.s.m.m.a.RequestMappingHandlerMapping : Mapped "{[/hospital],methods=[POST]}" onto public com.liang.spring.boot.child.domain.ResultMsg com.liang.spring.boot.child.controller.HospitalController.saveHospital(com.liang.spring.boot.child.domain.Hospital)
2019-09-15 20:04:10.690  INFO 25244 --- [    Test worker] s.w.s.m.m.a.RequestMappingHandlerMapping : Mapped "{[/hospital/search],methods=[GET]}" onto public com.liang.spring.boot.child.domain.ResultMsg com.liang.spring.boot.child.controller.HospitalController.getListById()
2019-09-15 20:04:10.693  INFO 25244 --- [    Test worker] s.w.s.m.m.a.RequestMappingHandlerMapping : Mapped "{[/information/modify],methods=[POST]}" onto public com.liang.spring.boot.child.domain.ResultMsg com.liang.spring.boot.child.controller.InformationController.modifyInformation(com.liang.spring.boot.child.domain.Information)
2019-09-15 20:04:10.694  INFO 25244 --- [    Test worker] s.w.s.m.m.a.RequestMappingHandlerMapping : Mapped "{[/information/findByPageAndParams]}" onto public org.springframework.data.domain.Page<com.liang.spring.boot.child.domain.Information> com.liang.spring.boot.child.controller.InformationController.findByPageAndParams(org.springframework.ui.Model,com.liang.spring.boot.child.domain.Information,int,int) throws java.lang.Exception
2019-09-15 20:04:10.694  INFO 25244 --- [    Test worker] s.w.s.m.m.a.RequestMappingHandlerMapping : Mapped "{[/information/delete],methods=[GET]}" onto public com.liang.spring.boot.child.domain.ResultMsg com.liang.spring.boot.child.controller.InformationController.deleteInformation(com.liang.spring.boot.child.domain.PeopleKey)
2019-09-15 20:04:10.694  INFO 25244 --- [    Test worker] s.w.s.m.m.a.RequestMappingHandlerMapping : Mapped "{[/information],methods=[POST]}" onto public com.liang.spring.boot.child.domain.ResultMsg<com.liang.spring.boot.child.domain.Information> com.liang.spring.boot.child.controller.InformationController.informationAdd(com.liang.spring.boot.child.domain.Information)
2019-09-15 20:04:10.694  INFO 25244 --- [    Test worker] s.w.s.m.m.a.RequestMappingHandlerMapping : Mapped "{[/information/form],methods=[GET]}" onto public com.liang.spring.boot.child.domain.ResultMsg com.liang.spring.boot.child.controller.InformationController.InformationList()
2019-09-15 20:04:10.694  INFO 25244 --- [    Test worker] s.w.s.m.m.a.RequestMappingHandlerMapping : Mapped "{[/information/listInformation]}" onto public com.liang.spring.boot.child.domain.ResultMsg com.liang.spring.boot.child.controller.InformationController.listInformation(org.springframework.ui.Model,int,int) throws java.lang.Exception
2019-09-15 20:04:10.695  INFO 25244 --- [    Test worker] s.w.s.m.m.a.RequestMappingHandlerMapping : Mapped "{[/information/addInspect],methods=[POST]}" onto public com.liang.spring.boot.child.domain.ResultMsg com.liang.spring.boot.child.controller.InformationController.addInspectById(org.springframework.ui.Model,com.liang.spring.boot.child.domain.Information,org.springframework.validation.BindingResult,java.lang.Integer) throws java.lang.Exception
2019-09-15 20:04:10.695  INFO 25244 --- [    Test worker] s.w.s.m.m.a.RequestMappingHandlerMapping : Mapped "{[/information/search],methods=[GET]}" onto public com.liang.spring.boot.child.domain.ResultMsg com.liang.spring.boot.child.controller.InformationController.getListById(com.liang.spring.boot.child.domain.PeopleKey) throws java.lang.Exception
2019-09-15 20:04:10.698  INFO 25244 --- [    Test worker] s.w.s.m.m.a.RequestMappingHandlerMapping : Mapped "{[/laboratoryDetection],methods=[POST]}" onto public com.liang.spring.boot.child.domain.ResultMsg<com.liang.spring.boot.child.domain.LaboratoryDetection> com.liang.spring.boot.child.controller.LaboratoryDetectionController.laboratoryDetectionAdd(com.liang.spring.boot.child.domain.LaboratoryDetection)
2019-09-15 20:04:10.698  INFO 25244 --- [    Test worker] s.w.s.m.m.a.RequestMappingHandlerMapping : Mapped "{[/laboratoryDetection/modify],methods=[GET]}" onto public com.liang.spring.boot.child.domain.ResultMsg com.liang.spring.boot.child.controller.LaboratoryDetectionController.modifyLaboratoryDetection(com.liang.spring.boot.child.domain.PeopleKey)
2019-09-15 20:04:10.698  INFO 25244 --- [    Test worker] s.w.s.m.m.a.RequestMappingHandlerMapping : Mapped "{[/laboratoryDetection/form],methods=[GET]}" onto public com.liang.spring.boot.child.domain.ResultMsg com.liang.spring.boot.child.controller.LaboratoryDetectionController.LaboratoryDetectionList()
2019-09-15 20:04:10.698  INFO 25244 --- [    Test worker] s.w.s.m.m.a.RequestMappingHandlerMapping : Mapped "{[/laboratoryDetection/delete],methods=[GET]}" onto public com.liang.spring.boot.child.domain.ResultMsg com.liang.spring.boot.child.controller.LaboratoryDetectionController.deleteLaboratoryDetection(com.liang.spring.boot.child.domain.PeopleKey)
2019-09-15 20:04:10.699  INFO 25244 --- [    Test worker] s.w.s.m.m.a.RequestMappingHandlerMapping : Mapped "{[/laboratoryDetection/search],methods=[GET]}" onto public com.liang.spring.boot.child.domain.ResultMsg com.liang.spring.boot.child.controller.LaboratoryDetectionController.getListById(com.liang.spring.boot.child.domain.PeopleKey)
2019-09-15 20:04:10.699  INFO 25244 --- [    Test worker] s.w.s.m.m.a.RequestMappingHandlerMapping : Mapped "{[/laboratoryDetection/upload],methods=[POST]}" onto public com.liang.spring.boot.child.domain.ResultMsg com.liang.spring.boot.child.controller.LaboratoryDetectionController.upload(org.springframework.web.multipart.MultipartFile,com.liang.spring.boot.child.domain.LaboratoryDetection)
2019-09-15 20:04:10.699  INFO 25244 --- [    Test worker] s.w.s.m.m.a.RequestMappingHandlerMapping : Mapped "{[/laboratoryDetection/uploadAll],methods=[POST]}" onto public com.liang.spring.boot.child.domain.ResultMsg com.liang.spring.boot.child.controller.LaboratoryDetectionController.uploadAll(org.springframework.web.multipart.MultipartFile,com.liang.spring.boot.child.domain.LaboratoryDetection)
2019-09-15 20:04:10.701  INFO 25244 --- [    Test worker] s.w.s.m.m.a.RequestMappingHandlerMapping : Mapped "{[/pastMedicalHistory],methods=[POST]}" onto public com.liang.spring.boot.child.domain.ResultMsg<com.liang.spring.boot.child.domain.PastMedicalHistory> com.liang.spring.boot.child.controller.PastMedicalHistoryController.pastMedicalHistoryAdd(com.liang.spring.boot.child.domain.PastMedicalHistory)
2019-09-15 20:04:10.701  INFO 25244 --- [    Test worker] s.w.s.m.m.a.RequestMappingHandlerMapping : Mapped "{[/pastMedicalHistory/delete],methods=[GET]}" onto public com.liang.spring.boot.child.domain.ResultMsg com.liang.spring.boot.child.controller.PastMedicalHistoryController.deletePastMedicalHistory(com.liang.spring.boot.child.domain.PeopleKey)
2019-09-15 20:04:10.701  INFO 25244 --- [    Test worker] s.w.s.m.m.a.RequestMappingHandlerMapping : Mapped "{[/pastMedicalHistory/modify],methods=[POST]}" onto public com.liang.spring.boot.child.domain.ResultMsg com.liang.spring.boot.child.controller.PastMedicalHistoryController.modifyPastMedicalHistory(com.liang.spring.boot.child.domain.PastMedicalHistory)
2019-09-15 20:04:10.701  INFO 25244 --- [    Test worker] s.w.s.m.m.a.RequestMappingHandlerMapping : Mapped "{[/pastMedicalHistory/form],methods=[GET]}" onto public com.liang.spring.boot.child.domain.ResultMsg com.liang.spring.boot.child.controller.PastMedicalHistoryController.PastMedicalHistoryList()
2019-09-15 20:04:10.701  INFO 25244 --- [    Test worker] s.w.s.m.m.a.RequestMappingHandlerMapping : Mapped "{[/pastMedicalHistory/search],methods=[GET]}" onto public com.liang.spring.boot.child.domain.ResultMsg com.liang.spring.boot.child.controller.PastMedicalHistoryController.getListById(com.liang.spring.boot.child.domain.PeopleKey)
2019-09-15 20:04:10.702  INFO 25244 --- [    Test worker] s.w.s.m.m.a.RequestMappingHandlerMapping : Mapped "{[/pdf/download],methods=[GET]}" onto public void com.liang.spring.boot.child.controller.PdfController.download(javax.servlet.http.HttpServletRequest,javax.servlet.http.HttpServletResponse)
2019-09-15 20:04:10.702  INFO 25244 --- [    Test worker] s.w.s.m.m.a.RequestMappingHandlerMapping : Mapped "{[/pdf/preview],methods=[GET]}" onto public void com.liang.spring.boot.child.controller.PdfController.preview(com.liang.spring.boot.child.domain.PeopleKey,javax.servlet.http.HttpServletRequest,javax.servlet.http.HttpServletResponse)
2019-09-15 20:04:10.703  INFO 25244 --- [    Test worker] s.w.s.m.m.a.RequestMappingHandlerMapping : Mapped "{[/]}" onto public org.springframework.web.servlet.ModelAndView com.liang.spring.boot.child.controller.PublicController.index(org.springframework.web.servlet.ModelAndView)
2019-09-15 20:04:10.704  INFO 25244 --- [    Test worker] s.w.s.m.m.a.RequestMappingHandlerMapping : Mapped "{[/sportsSurvey/delete],methods=[GET]}" onto public com.liang.spring.boot.child.domain.ResultMsg com.liang.spring.boot.child.controller.SportsSurveyController.deleteSportsSurvey(com.liang.spring.boot.child.domain.PeopleKey)
2019-09-15 20:04:10.704  INFO 25244 --- [    Test worker] s.w.s.m.m.a.RequestMappingHandlerMapping : Mapped "{[/sportsSurvey/modify],methods=[GET]}" onto public com.liang.spring.boot.child.domain.ResultMsg com.liang.spring.boot.child.controller.SportsSurveyController.modifySportsSurvey(com.liang.spring.boot.child.domain.PeopleKey)
2019-09-15 20:04:10.705  INFO 25244 --- [    Test worker] s.w.s.m.m.a.RequestMappingHandlerMapping : Mapped "{[/sportsSurvey],methods=[POST]}" onto public com.liang.spring.boot.child.domain.ResultMsg<com.liang.spring.boot.child.domain.SportsSurvey> com.liang.spring.boot.child.controller.SportsSurveyController.sportsSurveyAdd(com.liang.spring.boot.child.domain.SportsSurvey)
2019-09-15 20:04:10.705  INFO 25244 --- [    Test worker] s.w.s.m.m.a.RequestMappingHandlerMapping : Mapped "{[/sportsSurvey/form],methods=[GET]}" onto public com.liang.spring.boot.child.domain.ResultMsg com.liang.spring.boot.child.controller.SportsSurveyController.SportsSurveyList()
2019-09-15 20:04:10.705  INFO 25244 --- [    Test worker] s.w.s.m.m.a.RequestMappingHandlerMapping : Mapped "{[/sportsSurvey/search],methods=[GET]}" onto public com.liang.spring.boot.child.domain.ResultMsg com.liang.spring.boot.child.controller.SportsSurveyController.getListById(com.liang.spring.boot.child.domain.PeopleKey)
2019-09-15 20:04:10.708  INFO 25244 --- [    Test worker] s.w.s.m.m.a.RequestMappingHandlerMapping : Mapped "{[/systemImgUpload/uploadSystemImg],methods=[POST]}" onto public com.liang.spring.boot.child.domain.ResultMsg com.liang.spring.boot.child.controller.SystemImgUploadController.uploadAll(org.springframework.web.multipart.MultipartFile,com.liang.spring.boot.child.domain.SystemImgUpload)
2019-09-15 20:04:10.710  INFO 25244 --- [    Test worker] s.w.s.m.m.a.RequestMappingHandlerMapping : Mapped "{[/users/delete/{id}],methods=[GET]}" onto public org.springframework.web.servlet.ModelAndView com.liang.spring.boot.child.controller.UserController.delete(java.lang.Long,org.springframework.ui.Model)
2019-09-15 20:04:10.711  INFO 25244 --- [    Test worker] s.w.s.m.m.a.RequestMappingHandlerMapping : Mapped "{[/users],methods=[POST]}" onto public org.springframework.web.servlet.ModelAndView com.liang.spring.boot.child.controller.UserController.create(com.liang.spring.boot.child.domain.User)
2019-09-15 20:04:10.711  INFO 25244 --- [    Test worker] s.w.s.m.m.a.RequestMappingHandlerMapping : Mapped "{[/users],methods=[GET]}" onto public org.springframework.web.servlet.ModelAndView com.liang.spring.boot.child.controller.UserController.list(org.springframework.ui.Model)
2019-09-15 20:04:10.711  INFO 25244 --- [    Test worker] s.w.s.m.m.a.RequestMappingHandlerMapping : Mapped "{[/users/{id}],methods=[GET]}" onto public org.springframework.web.servlet.ModelAndView com.liang.spring.boot.child.controller.UserController.view(java.lang.Long,org.springframework.ui.Model)
2019-09-15 20:04:10.711  INFO 25244 --- [    Test worker] s.w.s.m.m.a.RequestMappingHandlerMapping : Mapped "{[/users/modify/{id}],methods=[GET]}" onto public org.springframework.web.servlet.ModelAndView com.liang.spring.boot.child.controller.UserController.modifyForm(java.lang.Long,org.springframework.ui.Model)
2019-09-15 20:04:10.711  INFO 25244 --- [    Test worker] s.w.s.m.m.a.RequestMappingHandlerMapping : Mapped "{[/users/form],methods=[GET]}" onto public org.springframework.web.servlet.ModelAndView com.liang.spring.boot.child.controller.UserController.createForm(org.springframework.ui.Model)
2019-09-15 20:04:10.712  INFO 25244 --- [    Test worker] s.w.s.m.m.a.RequestMappingHandlerMapping : Mapped "{[/xml2Json],methods=[GET]}" onto public com.liang.spring.boot.child.domain.ResultMsg com.liang.spring.boot.child.controller.Xml2JsonController.xml2Json(com.liang.spring.boot.child.domain.BodyCompositionTest) throws org.json.JSONException,java.io.IOException
2019-09-15 20:04:10.714  INFO 25244 --- [    Test worker] s.w.s.m.m.a.RequestMappingHandlerMapping : Mapped "{[/error]}" onto public org.springframework.http.ResponseEntity<java.util.Map<java.lang.String, java.lang.Object>> org.springframework.boot.autoconfigure.web.BasicErrorController.error(javax.servlet.http.HttpServletRequest)
2019-09-15 20:04:10.714  INFO 25244 --- [    Test worker] s.w.s.m.m.a.RequestMappingHandlerMapping : Mapped "{[/error],produces=[text/html]}" onto public org.springframework.web.servlet.ModelAndView org.springframework.boot.autoconfigure.web.BasicErrorController.errorHtml(javax.servlet.http.HttpServletRequest,javax.servlet.http.HttpServletResponse)
2019-09-15 20:04:10.749  INFO 25244 --- [    Test worker] o.s.w.s.handler.SimpleUrlHandlerMapping  : Mapped URL path [/webjars/**] onto handler of type [class org.springframework.web.servlet.resource.ResourceHttpRequestHandler]
2019-09-15 20:04:10.749  INFO 25244 --- [    Test worker] o.s.w.s.handler.SimpleUrlHandlerMapping  : Mapped URL path [/**] onto handler of type [class org.springframework.web.servlet.resource.ResourceHttpRequestHandler]
2019-09-15 20:04:10.788  INFO 25244 --- [    Test worker] o.s.w.s.handler.SimpleUrlHandlerMapping  : Mapped URL path [/**/favicon.ico] onto handler of type [class org.springframework.web.servlet.resource.ResourceHttpRequestHandler]
2019-09-15 20:04:10.834  WARN 25244 --- [    Test worker] org.thymeleaf.templatemode.TemplateMode  : [THYMELEAF][Test worker] Template Mode 'HTML5' is deprecated. Using Template Mode 'HTML' instead.
2019-09-15 20:04:11.545  INFO 25244 --- [    Test worker] c.l.spring.boot.child.ApplicationTests   : Started ApplicationTests in 5.686 seconds (JVM running for 6.873)
]]></system-out>
  <system-err><![CDATA[]]></system-err>
</testsuite>
